#
# There is insufficient memory for the Java Runtime Environment to continue.
# Native memory allocation (malloc) failed to allocate 978416 bytes for Chunk::new
# Possible reasons:
#   The system is out of physical RAM or swap space
#   The process is running with CompressedOops enabled, and the Java Heap may be blocking the growth of the native heap
# Possible solutions:
#   Reduce memory load on the system
#   Increase physical memory or swap space
#   Check if swap backing store is full
#   Decrease Java heap size (-Xmx/-Xms)
#   Decrease number of Java threads
#   Decrease Java thread stack sizes (-Xss)
#   Set larger code cache with -XX:ReservedCodeCacheSize=
#   JVM is running with Zero Based Compressed Oops mode in which the Java heap is
#     placed in the first 32GB address space. The Java Heap base address is the
#     maximum limit for the native heap growth. Please use -XX:HeapBaseMinAddress
#     to set the Java Heap base and to place the Java Heap above 32GB virtual address.
# This output file may be truncated or incomplete.
#
#  Out of Memory Error (allocation.cpp:389), pid=16512, tid=0x00000000000015c8
#
# JRE version: Java(TM) SE Runtime Environment (8.0_291-b10) (build 1.8.0_291-b10)
# Java VM: Java HotSpot(TM) 64-Bit Server VM (25.291-b10 mixed mode windows-amd64 compressed oops)
# Failed to write core dump. Minidumps are not enabled by default on client versions of Windows
#

---------------  T H R E A D  ---------------

Current thread (0x0000020e9f38b000):  JavaThread "C2 CompilerThread1" daemon [_thread_in_native, id=5576, stack(0x0000001fb3900000,0x0000001fb3a00000)]

Stack: [0x0000001fb3900000,0x0000001fb3a00000]
Native frames: (J=compiled Java code, j=interpreted, Vv=VM code, C=native code)
V  [jvm.dll+0x32ea19]


Current CompileTask:
C2:  83996 4772       4       edu.stanford.nlp.graph.DirectedMultiGraph::removeEdge (413 bytes)


---------------  P R O C E S S  ---------------

Java Threads: ( => current thread )
  0x0000020ea56f5800 JavaThread "pool-2-thread-12" [_thread_blocked, id=4152, stack(0x0000001fb5700000,0x0000001fb5800000)]
  0x0000020ea56fa000 JavaThread "pool-2-thread-11" [_thread_blocked, id=23336, stack(0x0000001fb5600000,0x0000001fb5700000)]
  0x0000020ea56f6800 JavaThread "pool-1-thread-12" [_thread_blocked, id=25152, stack(0x0000001fb5500000,0x0000001fb5600000)]
  0x0000020ea56f8000 JavaThread "pool-2-thread-10" [_thread_blocked, id=5216, stack(0x0000001fb5400000,0x0000001fb5500000)]
  0x0000020ea56f9800 JavaThread "pool-1-thread-11" [_thread_blocked, id=18196, stack(0x0000001fb5300000,0x0000001fb5400000)]
  0x0000020ea56f8800 JavaThread "pool-2-thread-9" [_thread_blocked, id=18784, stack(0x0000001fb5200000,0x0000001fb5300000)]
  0x0000020ea35d0000 JavaThread "pool-1-thread-10" [_thread_blocked, id=26464, stack(0x0000001fb5100000,0x0000001fb5200000)]
  0x0000020ea35cf000 JavaThread "pool-2-thread-8" [_thread_blocked, id=11348, stack(0x0000001fb5000000,0x0000001fb5100000)]
  0x0000020ea35ce800 JavaThread "pool-1-thread-9" [_thread_blocked, id=3872, stack(0x0000001fb4f00000,0x0000001fb5000000)]
  0x0000020ea35cd800 JavaThread "pool-2-thread-7" [_thread_in_Java, id=856, stack(0x0000001fb4e00000,0x0000001fb4f00000)]
  0x0000020ea35cb800 JavaThread "pool-1-thread-8" [_thread_blocked, id=16036, stack(0x0000001fb4d00000,0x0000001fb4e00000)]
  0x0000020ea35cd000 JavaThread "pool-2-thread-6" [_thread_blocked, id=8876, stack(0x0000001fb4c00000,0x0000001fb4d00000)]
  0x0000020ea35d2000 JavaThread "pool-1-thread-7" [_thread_blocked, id=14024, stack(0x0000001fb4b00000,0x0000001fb4c00000)]
  0x0000020ea35d1800 JavaThread "pool-2-thread-5" [_thread_blocked, id=11836, stack(0x0000001fb4a00000,0x0000001fb4b00000)]
  0x0000020ea35d0800 JavaThread "pool-1-thread-6" [_thread_blocked, id=8732, stack(0x0000001fb4900000,0x0000001fb4a00000)]
  0x0000020ea35cc000 JavaThread "pool-2-thread-4" [_thread_blocked, id=1544, stack(0x0000001fb4800000,0x0000001fb4900000)]
  0x0000020ea314e800 JavaThread "pool-1-thread-5" [_thread_blocked, id=1868, stack(0x0000001fb4700000,0x0000001fb4800000)]
  0x0000020ea313d800 JavaThread "pool-2-thread-3" [_thread_blocked, id=20888, stack(0x0000001fb4600000,0x0000001fb4700000)]
  0x0000020ea332b000 JavaThread "pool-1-thread-4" [_thread_blocked, id=22084, stack(0x0000001fb4500000,0x0000001fb4600000)]
  0x0000020ea32d6800 JavaThread "pool-2-thread-2" [_thread_blocked, id=13400, stack(0x0000001fb4400000,0x0000001fb4500000)]
  0x0000020ea3119800 JavaThread "pool-1-thread-3" [_thread_blocked, id=14356, stack(0x0000001fb4300000,0x0000001fb4400000)]
  0x0000020ea3685800 JavaThread "pool-2-thread-1" [_thread_blocked, id=13920, stack(0x0000001fb4200000,0x0000001fb4300000)]
  0x0000020ea21e6800 JavaThread "pool-1-thread-2" [_thread_blocked, id=10388, stack(0x0000001fb4100000,0x0000001fb4200000)]
  0x0000020ea2196800 JavaThread "pool-1-thread-1" [_thread_blocked, id=14428, stack(0x0000001fb4000000,0x0000001fb4100000)]
  0x0000020e844a7000 JavaThread "DestroyJavaVM" [_thread_blocked, id=16976, stack(0x0000001fb2800000,0x0000001fb2900000)]
  0x0000020ea2195800 JavaThread "Thread-3" [_thread_in_native, id=18568, stack(0x0000001fb3f00000,0x0000001fb4000000)]
  0x0000020ea218e000 JavaThread "server-timer" daemon [_thread_blocked, id=24732, stack(0x0000001fb3e00000,0x0000001fb3f00000)]
  0x0000020ea17f8000 JavaThread "Service Thread" daemon [_thread_blocked, id=15836, stack(0x0000001fb3c00000,0x0000001fb3d00000)]
  0x0000020e9f392800 JavaThread "C1 CompilerThread3" daemon [_thread_blocked, id=15928, stack(0x0000001fb3b00000,0x0000001fb3c00000)]
  0x0000020e9f38e000 JavaThread "C2 CompilerThread2" daemon [_thread_blocked, id=3976, stack(0x0000001fb3a00000,0x0000001fb3b00000)]
=>0x0000020e9f38b000 JavaThread "C2 CompilerThread1" daemon [_thread_in_native, id=5576, stack(0x0000001fb3900000,0x0000001fb3a00000)]
  0x0000020ea1773000 JavaThread "C2 CompilerThread0" daemon [_thread_blocked, id=10496, stack(0x0000001fb3800000,0x0000001fb3900000)]
  0x0000020ea1772800 JavaThread "Attach Listener" daemon [_thread_blocked, id=25540, stack(0x0000001fb3700000,0x0000001fb3800000)]
  0x0000020e9f36a800 JavaThread "Signal Dispatcher" daemon [_thread_blocked, id=23592, stack(0x0000001fb3600000,0x0000001fb3700000)]
  0x0000020e9f351000 JavaThread "Finalizer" daemon [_thread_blocked, id=21132, stack(0x0000001fb3500000,0x0000001fb3600000)]
  0x0000020e9f328000 JavaThread "Reference Handler" daemon [_thread_blocked, id=26372, stack(0x0000001fb3400000,0x0000001fb3500000)]

Other Threads:
  0x0000020e9f31f800 VMThread [stack: 0x0000001fb3300000,0x0000001fb3400000] [id=26896]
  0x0000020ea17fb000 WatcherThread [stack: 0x0000001fb3d00000,0x0000001fb3e00000] [id=8792]

VM state:not at safepoint (normal execution)

VM Mutex/Monitor currently owned by a thread: None

heap address: 0x00000006c0000000, size: 4096 MB, Compressed Oops mode: Zero based, Oop shift amount: 3
Narrow klass base: 0x0000000000000000, Narrow klass shift: 3
Compressed class space size: 1073741824 Address: 0x00000007c0000000

Heap:
 PSYoungGen      total 713216K, used 516294K [0x000000076ab00000, 0x000000079e500000, 0x00000007c0000000)
  eden space 606720K, 70% used [0x000000076ab00000,0x0000000784dd3a80,0x000000078fb80000)
  from space 106496K, 82% used [0x000000078fb80000,0x00000007950ddf28,0x0000000796380000)
  to   space 82432K, 0% used [0x0000000796380000,0x0000000796380000,0x000000079b400000)
 ParOldGen       total 485888K, used 245875K [0x00000006c0000000, 0x00000006dda80000, 0x000000076ab00000)
  object space 485888K, 50% used [0x00000006c0000000,0x00000006cf01cc20,0x00000006dda80000)
 Metaspace       used 15257K, capacity 15828K, committed 16128K, reserved 1062912K
  class space    used 1567K, capacity 1717K, committed 1792K, reserved 1048576K

Card table byte_map: [0x0000020e952f0000,0x0000020e95b00000] byte_map_base: 0x0000020e91cf0000

Marking Bits: (ParMarkBitMap*) 0x0000000074f17fe0
 Begin Bits: [0x0000020e96060000, 0x0000020e9a060000)
 End Bits:   [0x0000020e9a060000, 0x0000020e9e060000)

Polling page: 0x0000020e85f00000

CodeCache: size=245760Kb used=16376Kb max_used=16732Kb free=229383Kb
 bounds [0x0000020e85f30000, 0x0000020e86ff0000, 0x0000020e94f30000]
 total_blobs=3902 nmethods=3514 adapters=299
 compilation: enabled

Compilation events (10 events):
Event: 82.401 Thread 0x0000020e9f38e000 4768   !   4       edu.stanford.nlp.pipeline.POSTaggerAnnotator::doOneSentence (202 bytes)
Event: 82.412 Thread 0x0000020e9f38b000 nmethod 4767 0x0000020e861c8cd0 code [0x0000020e861c8ee0, 0x0000020e861c9f78]
Event: 82.429 Thread 0x0000020e9f38e000 nmethod 4768 0x0000020e8660b310 code [0x0000020e8660b640, 0x0000020e8660d8c0]
Event: 82.496 Thread 0x0000020ea1773000 4769       4       edu.stanford.nlp.pipeline.ParserAnnotatorUtils::setMissingTags (147 bytes)
Event: 82.499 Thread 0x0000020ea1773000 nmethod 4769 0x0000020e860cdb90 code [0x0000020e860cdd20, 0x0000020e860ce1d8]
Event: 82.738 Thread 0x0000020e9f392800 4770       3       java.util.TimSort::minRunLength (43 bytes)
Event: 82.738 Thread 0x0000020e9f392800 nmethod 4770 0x0000020e86d89250 code [0x0000020e86d893c0, 0x0000020e86d895b8]
Event: 82.738 Thread 0x0000020e9f392800 4771       3       java.util.TimSort::mergeForceCollapse (50 bytes)
Event: 82.738 Thread 0x0000020e9f392800 nmethod 4771 0x0000020e861f3d50 code [0x0000020e861f3ec0, 0x0000020e861f41d0]
Event: 83.972 Thread 0x0000020e9f38b000 4772       4       edu.stanford.nlp.graph.DirectedMultiGraph::removeEdge (413 bytes)

GC Heap History (10 events):
Event: 79.650 GC heap before
{Heap before GC invocations=99 (full 4):
 PSYoungGen      total 701440K, used 669631K [0x000000076ab00000, 0x000000079bb00000, 0x00000007c0000000)
  eden space 608768K, 99% used [0x000000076ab00000,0x000000078fd720f0,0x000000078fd80000)
  from space 92672K, 65% used [0x0000000795b00000,0x000000079967dc70,0x000000079b580000)
  to   space 95744K, 0% used [0x000000078fd80000,0x000000078fd80000,0x0000000795b00000)
 ParOldGen       total 485888K, used 214214K [0x00000006c0000000, 0x00000006dda80000, 0x000000076ab00000)
  object space 485888K, 44% used [0x00000006c0000000,0x00000006cd1319c8,0x00000006dda80000)
 Metaspace       used 15254K, capacity 15828K, committed 16128K, reserved 1062912K
  class space    used 1567K, capacity 1717K, committed 1792K, reserved 1048576K
Event: 79.655 GC heap after
Heap after GC invocations=99 (full 4):
 PSYoungGen      total 704512K, used 47584K [0x000000076ab00000, 0x000000079be00000, 0x00000007c0000000)
  eden space 608768K, 0% used [0x000000076ab00000,0x000000076ab00000,0x000000078fd80000)
  from space 95744K, 49% used [0x000000078fd80000,0x0000000792bf8228,0x0000000795b00000)
  to   space 92672K, 0% used [0x0000000796380000,0x0000000796380000,0x000000079be00000)
 ParOldGen       total 485888K, used 214214K [0x00000006c0000000, 0x00000006dda80000, 0x000000076ab00000)
  object space 485888K, 44% used [0x00000006c0000000,0x00000006cd1319c8,0x00000006dda80000)
 Metaspace       used 15254K, capacity 15828K, committed 16128K, reserved 1062912K
  class space    used 1567K, capacity 1717K, committed 1792K, reserved 1048576K
}
Event: 80.606 GC heap before
{Heap before GC invocations=100 (full 4):
 PSYoungGen      total 704512K, used 656352K [0x000000076ab00000, 0x000000079be00000, 0x00000007c0000000)
  eden space 608768K, 100% used [0x000000076ab00000,0x000000078fd80000,0x000000078fd80000)
  from space 95744K, 49% used [0x000000078fd80000,0x0000000792bf8228,0x0000000795b00000)
  to   space 92672K, 0% used [0x0000000796380000,0x0000000796380000,0x000000079be00000)
 ParOldGen       total 485888K, used 214214K [0x00000006c0000000, 0x00000006dda80000, 0x000000076ab00000)
  object space 485888K, 44% used [0x00000006c0000000,0x00000006cd1319c8,0x00000006dda80000)
 Metaspace       used 15254K, capacity 15828K, committed 16128K, reserved 1062912K
  class space    used 1567K, capacity 1717K, committed 1792K, reserved 1048576K
Event: 80.610 GC heap after
Heap after GC invocations=100 (full 4):
 PSYoungGen      total 701952K, used 37308K [0x000000076ab00000, 0x000000079b400000, 0x00000007c0000000)
  eden space 619520K, 0% used [0x000000076ab00000,0x000000076ab00000,0x0000000790800000)
  from space 82432K, 45% used [0x0000000796380000,0x00000007987ef300,0x000000079b400000)
  to   space 88064K, 0% used [0x0000000790800000,0x0000000790800000,0x0000000795e00000)
 ParOldGen       total 485888K, used 214214K [0x00000006c0000000, 0x00000006dda80000, 0x000000076ab00000)
  object space 485888K, 44% used [0x00000006c0000000,0x00000006cd1319c8,0x00000006dda80000)
 Metaspace       used 15254K, capacity 15828K, committed 16128K, reserved 1062912K
  class space    used 1567K, capacity 1717K, committed 1792K, reserved 1048576K
}
Event: 81.445 GC heap before
{Heap before GC invocations=101 (full 4):
 PSYoungGen      total 701952K, used 656814K [0x000000076ab00000, 0x000000079b400000, 0x00000007c0000000)
  eden space 619520K, 99% used [0x000000076ab00000,0x00000007907fc690,0x0000000790800000)
  from space 82432K, 45% used [0x0000000796380000,0x00000007987ef300,0x000000079b400000)
  to   space 88064K, 0% used [0x0000000790800000,0x0000000790800000,0x0000000795e00000)
 ParOldGen       total 485888K, used 214214K [0x00000006c0000000, 0x00000006dda80000, 0x000000076ab00000)
  object space 485888K, 44% used [0x00000006c0000000,0x00000006cd1319c8,0x00000006dda80000)
 Metaspace       used 15254K, capacity 15828K, committed 16128K, reserved 1062912K
  class space    used 1567K, capacity 1717K, committed 1792K, reserved 1048576K
Event: 81.457 GC heap after
Heap after GC invocations=101 (full 4):
 PSYoungGen      total 707584K, used 88054K [0x000000076ab00000, 0x000000079b400000, 0x00000007c0000000)
  eden space 619520K, 0% used [0x000000076ab00000,0x000000076ab00000,0x0000000790800000)
  from space 88064K, 99% used [0x0000000790800000,0x0000000795dfd9e0,0x0000000795e00000)
  to   space 82432K, 0% used [0x0000000796380000,0x0000000796380000,0x000000079b400000)
 ParOldGen       total 485888K, used 245875K [0x00000006c0000000, 0x00000006dda80000, 0x000000076ab00000)
  object space 485888K, 50% used [0x00000006c0000000,0x00000006cf01cc20,0x00000006dda80000)
 Metaspace       used 15254K, capacity 15828K, committed 16128K, reserved 1062912K
  class space    used 1567K, capacity 1717K, committed 1792K, reserved 1048576K
}
Event: 82.318 GC heap before
{Heap before GC invocations=102 (full 4):
 PSYoungGen      total 707584K, used 707541K [0x000000076ab00000, 0x000000079b400000, 0x00000007c0000000)
  eden space 619520K, 99% used [0x000000076ab00000,0x00000007907f7b80,0x0000000790800000)
  from space 88064K, 99% used [0x0000000790800000,0x0000000795dfd9e0,0x0000000795e00000)
  to   space 82432K, 0% used [0x0000000796380000,0x0000000796380000,0x000000079b400000)
 ParOldGen       total 485888K, used 245875K [0x00000006c0000000, 0x00000006dda80000, 0x000000076ab00000)
  object space 485888K, 50% used [0x00000006c0000000,0x00000006cf01cc20,0x00000006dda80000)
 Metaspace       used 15257K, capacity 15828K, committed 16128K, reserved 1062912K
  class space    used 1567K, capacity 1717K, committed 1792K, reserved 1048576K
Event: 82.324 GC heap after
Heap after GC invocations=102 (full 4):
 PSYoungGen      total 689152K, used 47986K [0x000000076ab00000, 0x000000079e500000, 0x00000007c0000000)
  eden space 606720K, 0% used [0x000000076ab00000,0x000000076ab00000,0x000000078fb80000)
  from space 82432K, 58% used [0x0000000796380000,0x000000079925c848,0x000000079b400000)
  to   space 106496K, 0% used [0x000000078fb80000,0x000000078fb80000,0x0000000796380000)
 ParOldGen       total 485888K, used 245875K [0x00000006c0000000, 0x00000006dda80000, 0x000000076ab00000)
  object space 485888K, 50% used [0x00000006c0000000,0x00000006cf01cc20,0x00000006dda80000)
 Metaspace       used 15257K, capacity 15828K, committed 16128K, reserved 1062912K
  class space    used 1567K, capacity 1717K, committed 1792K, reserved 1048576K
}
Event: 83.191 GC heap before
{Heap before GC invocations=103 (full 4):
 PSYoungGen      total 689152K, used 654630K [0x000000076ab00000, 0x000000079e500000, 0x00000007c0000000)
  eden space 606720K, 99% used [0x000000076ab00000,0x000000078fb6d258,0x000000078fb80000)
  from space 82432K, 58% used [0x0000000796380000,0x000000079925c848,0x000000079b400000)
  to   space 106496K, 0% used [0x000000078fb80000,0x000000078fb80000,0x0000000796380000)
 ParOldGen       total 485888K, used 245875K [0x00000006c0000000, 0x00000006dda80000, 0x000000076ab00000)
  object space 485888K, 50% used [0x00000006c0000000,0x00000006cf01cc20,0x00000006dda80000)
 Metaspace       used 15257K, capacity 15828K, committed 16128K, reserved 1062912K
  class space    used 1567K, capacity 1717K, committed 1792K, reserved 1048576K
Event: 83.200 GC heap after
Heap after GC invocations=103 (full 4):
 PSYoungGen      total 713216K, used 87415K [0x000000076ab00000, 0x000000079e500000, 0x00000007c0000000)
  eden space 606720K, 0% used [0x000000076ab00000,0x000000076ab00000,0x000000078fb80000)
  from space 106496K, 82% used [0x000000078fb80000,0x00000007950ddf28,0x0000000796380000)
  to   space 82432K, 0% used [0x0000000796380000,0x0000000796380000,0x000000079b400000)
 ParOldGen       total 485888K, used 245875K [0x00000006c0000000, 0x00000006dda80000, 0x000000076ab00000)
  object space 485888K, 50% used [0x00000006c0000000,0x00000006cf01cc20,0x00000006dda80000)
 Metaspace       used 15257K, capacity 15828K, committed 16128K, reserved 1062912K
  class space    used 1567K, capacity 1717K, committed 1792K, reserved 1048576K
}

Deoptimization events (10 events):
Event: 55.483 Thread 0x0000020ea56f5800 Uncommon trap: reason=unstable_if action=reinterpret pc=0x0000020e86eb7a60 method=edu.stanford.nlp.process.WordShapeClassifier.wordShapeChris4Long(Ljava/lang/String;ZILjava/util/Collection;)Ljava/lang/String; @ 105
Event: 61.075 Thread 0x0000020ea56f6800 Uncommon trap: reason=class_check action=maybe_recompile pc=0x0000020e866abac0 method=java.util.LinkedHashMap.afterNodeInsertion(Z)V @ 15
Event: 61.075 Thread 0x0000020ea56f6800 Uncommon trap: reason=class_check action=maybe_recompile pc=0x0000020e866abac0 method=java.util.LinkedHashMap.afterNodeInsertion(Z)V @ 15
Event: 70.106 Thread 0x0000020ea35cd000 Uncommon trap: reason=unstable_if action=reinterpret pc=0x0000020e86cbcf28 method=java.util.ComparableTimSort.<init>([Ljava/lang/Object;[Ljava/lang/Object;II)V @ 107
Event: 70.555 Thread 0x0000020ea313d800 Uncommon trap: reason=unstable_if action=reinterpret pc=0x0000020e861f6ed0 method=edu.stanford.nlp.process.Americanize.americanize(Ljava/lang/String;Z)Ljava/lang/String; @ 49
Event: 70.557 Thread 0x0000020ea313d800 Uncommon trap: reason=unstable_if action=reinterpret pc=0x0000020e867c7d2c method=edu.stanford.nlp.process.Americanize.americanize(Ljava/lang/String;Z)Ljava/lang/String; @ 49
Event: 76.570 Thread 0x0000020ea56f8800 Uncommon trap: reason=unstable_if action=reinterpret pc=0x0000020e86f7f020 method=edu.stanford.nlp.process.WordShapeClassifier.chris4equivalenceClass(C)C @ 197
Event: 76.570 Thread 0x0000020ea56f8800 Uncommon trap: reason=unstable_if action=reinterpret pc=0x0000020e861fb86c method=edu.stanford.nlp.process.WordShapeClassifier.chris4equivalenceClass(C)C @ 197
Event: 81.378 Thread 0x0000020ea56fa000 Uncommon trap: reason=unstable_if action=reinterpret pc=0x0000020e86293924 method=edu.stanford.nlp.trees.UniversalEnglishGrammaticalStructure.conjValue(Ledu/stanford/nlp/ling/IndexedWord;Ledu/stanford/nlp/semgraph/SemanticGraph;)Ledu/stanford/nlp/trees/Gr
Event: 82.512 Thread 0x0000020ea56fa000 Uncommon trap: reason=range_check action=make_not_entrant pc=0x0000020e8686a030 method=edu.stanford.nlp.trees.Tree.getChild(I)Ledu/stanford/nlp/trees/Tree; @ 7

Classes redefined (0 events):
No events

Internal exceptions (10 events):
Event: 2.185 Thread 0x0000020ea21e6800 Implicit null exception at 0x0000020e861e1375 to 0x0000020e861e14a1
Event: 2.227 Thread 0x0000020ea3685800 Exception <a 'java/lang/NoSuchMethodError': java.lang.Object.lambda$comparing$77a9974f$1(Ljava/util/function/Function;Ljava/lang/Object;Ljava/lang/Object;)I> (0x000000076fc5a728) thrown at [C:\jenkins\workspace\8-2-build-windows-amd64-cygwin\jdk8u291\1294
Event: 2.320 Thread 0x0000020ea3685800 Implicit null exception at 0x0000020e863fb493 to 0x0000020e863fb5f5
Event: 2.320 Thread 0x0000020ea3685800 Implicit null exception at 0x0000020e863fe7d8 to 0x0000020e863fe866
Event: 2.320 Thread 0x0000020ea3685800 Implicit null exception at 0x0000020e861f712f to 0x0000020e861f7199
Event: 2.405 Thread 0x0000020ea3685800 Implicit null exception at 0x0000020e86259b35 to 0x0000020e86259e59
Event: 2.829 Thread 0x0000020ea313d800 Implicit null exception at 0x0000020e86686f03 to 0x0000020e8668d5fd
Event: 4.342 Thread 0x0000020ea32d6800 Implicit null exception at 0x0000020e869cecd4 to 0x0000020e869d0e75
Event: 35.751 Thread 0x0000020ea3685800 Implicit null exception at 0x0000020e863b2a4e to 0x0000020e863b512d
Event: 55.483 Thread 0x0000020ea56f5800 Implicit null exception at 0x0000020e86443c2a to 0x0000020e8644556d

Events (10 events):
Event: 82.512 Thread 0x0000020ea56fa000 DEOPT PACKING pc=0x0000020e8686a030 sp=0x0000001fb56fe120
Event: 82.512 Thread 0x0000020ea56fa000 DEOPT UNPACKING pc=0x0000020e85f75843 sp=0x0000001fb56fded8 mode 2
Event: 82.731 Executing VM operation: RevokeBias
Event: 82.731 Executing VM operation: RevokeBias done
Event: 82.738 Thread 0x0000020e9f392800 flushing nmethod 0x0000020e861c3ad0
Event: 82.738 Thread 0x0000020e9f392800 flushing nmethod 0x0000020e861d44d0
Event: 83.003 Executing VM operation: RevokeBias
Event: 83.003 Executing VM operation: RevokeBias done
Event: 83.191 Executing VM operation: ParallelGCFailedAllocation
Event: 83.201 Executing VM operation: ParallelGCFailedAllocation done


Dynamic libraries:
0x00007ff6be330000 - 0x00007ff6be377000 	C:\Program Files (x86)\Common Files\Oracle\Java\javapath\java.exe
0x00007ffe814b0000 - 0x00007ffe816a5000 	C:\Windows\SYSTEM32\ntdll.dll
0x00007ffe80950000 - 0x00007ffe80a0d000 	C:\Windows\System32\KERNEL32.DLL
0x00007ffe7ebc0000 - 0x00007ffe7ee8d000 	C:\Windows\System32\KERNELBASE.dll
0x00007ffe7fb60000 - 0x00007ffe7fc0e000 	C:\Windows\System32\ADVAPI32.dll
0x00007ffe80780000 - 0x00007ffe8081e000 	C:\Windows\System32\msvcrt.dll
0x00007ffe80850000 - 0x00007ffe808ec000 	C:\Windows\System32\sechost.dll
0x00007ffe80b60000 - 0x00007ffe80c85000 	C:\Windows\System32\RPCRT4.dll
0x00007ffe7f500000 - 0x00007ffe7f6a0000 	C:\Windows\System32\USER32.dll
0x00007ffe7efe0000 - 0x00007ffe7f002000 	C:\Windows\System32\win32u.dll
0x00007ffe80690000 - 0x00007ffe806ba000 	C:\Windows\System32\GDI32.dll
0x00007ffe7f220000 - 0x00007ffe7f32b000 	C:\Windows\System32\gdi32full.dll
0x00007ffe7f330000 - 0x00007ffe7f3cd000 	C:\Windows\System32\msvcp_win.dll
0x00007ffe7eee0000 - 0x00007ffe7efe0000 	C:\Windows\System32\ucrtbase.dll
0x00007ffe63da0000 - 0x00007ffe6403a000 	C:\Windows\WinSxS\amd64_microsoft.windows.common-controls_6595b64144ccf1df_6.0.19041.1110_none_60b5254171f9507e\COMCTL32.dll
0x00007ffe80820000 - 0x00007ffe80850000 	C:\Windows\System32\IMM32.DLL
0x00007ffe40640000 - 0x00007ffe40655000 	C:\Program Files\Java\jre1.8.0_291\bin\vcruntime140.dll
0x00007ffe1e730000 - 0x00007ffe1e7cb000 	C:\Program Files\Java\jre1.8.0_291\bin\msvcp140.dll
0x0000000074730000 - 0x0000000074f90000 	C:\Program Files\Java\jre1.8.0_291\bin\server\jvm.dll
0x00007ffe7fb50000 - 0x00007ffe7fb58000 	C:\Windows\System32\PSAPI.DLL
0x00007ffe6c1f0000 - 0x00007ffe6c1f9000 	C:\Windows\SYSTEM32\WSOCK32.dll
0x00007ffe6faf0000 - 0x00007ffe6fb17000 	C:\Windows\SYSTEM32\WINMM.dll
0x00007ffe78c60000 - 0x00007ffe78c6a000 	C:\Windows\SYSTEM32\VERSION.dll
0x00007ffe80a10000 - 0x00007ffe80a7b000 	C:\Windows\System32\WS2_32.dll
0x00007ffe7cac0000 - 0x00007ffe7cad2000 	C:\Windows\SYSTEM32\kernel.appcore.dll
0x00007ffe55530000 - 0x00007ffe55540000 	C:\Program Files\Java\jre1.8.0_291\bin\verify.dll
0x00007ffe361b0000 - 0x00007ffe361db000 	C:\Program Files\Java\jre1.8.0_291\bin\java.dll
0x00007ffe35f50000 - 0x00007ffe35f68000 	C:\Program Files\Java\jre1.8.0_291\bin\zip.dll
0x00007ffe7fdb0000 - 0x00007ffe804f4000 	C:\Windows\System32\SHELL32.dll
0x00007ffe7ccc0000 - 0x00007ffe7d454000 	C:\Windows\SYSTEM32\windows.storage.dll
0x00007ffe7f760000 - 0x00007ffe7fab4000 	C:\Windows\System32\combase.dll
0x00007ffe7e620000 - 0x00007ffe7e64c000 	C:\Windows\SYSTEM32\Wldp.dll
0x00007ffe80500000 - 0x00007ffe805ad000 	C:\Windows\System32\SHCORE.dll
0x00007ffe808f0000 - 0x00007ffe80945000 	C:\Windows\System32\shlwapi.dll
0x00007ffe7eb00000 - 0x00007ffe7eb1f000 	C:\Windows\SYSTEM32\profapi.dll
0x00007ffe35d70000 - 0x00007ffe35d8c000 	C:\Program Files\Java\jre1.8.0_291\bin\net.dll
0x00007ffe7e380000 - 0x00007ffe7e3ea000 	C:\Windows\system32\mswsock.dll
0x00007ffe7c4b0000 - 0x00007ffe7c4c7000 	C:\Windows\system32\napinsp.dll
0x00007ffe7c490000 - 0x00007ffe7c4ab000 	C:\Windows\system32\pnrpnsp.dll
0x00007ffe78660000 - 0x00007ffe78675000 	C:\Windows\system32\wshbth.dll
0x00007ffe7a5b0000 - 0x00007ffe7a5cd000 	C:\Windows\system32\NLAapi.dll
0x00007ffe7e020000 - 0x00007ffe7e05b000 	C:\Windows\SYSTEM32\IPHLPAPI.DLL
0x00007ffe7e060000 - 0x00007ffe7e12b000 	C:\Windows\SYSTEM32\DNSAPI.dll
0x00007ffe80680000 - 0x00007ffe80688000 	C:\Windows\System32\NSI.dll
0x00007ffe7c410000 - 0x00007ffe7c422000 	C:\Windows\System32\winrnr.dll
0x0000000076420000 - 0x0000000076446000 	C:\Program Files\Bonjour\mdnsNSP.dll
0x00007ffe762d0000 - 0x00007ffe762da000 	C:\Windows\System32\rasadhlp.dll
0x00007ffe70130000 - 0x00007ffe701b0000 	C:\Windows\System32\fwpuclnt.dll
0x00007ffe7f4d0000 - 0x00007ffe7f4f7000 	C:\Windows\System32\bcrypt.dll
0x00007ffe29eb0000 - 0x00007ffe29ec3000 	C:\Program Files\Java\jre1.8.0_291\bin\nio.dll
0x00007ffe7e580000 - 0x00007ffe7e598000 	C:\Windows\SYSTEM32\CRYPTSP.dll
0x00007ffe7dc90000 - 0x00007ffe7dcc4000 	C:\Windows\system32\rsaenh.dll
0x00007ffe7eac0000 - 0x00007ffe7eaee000 	C:\Windows\SYSTEM32\USERENV.dll
0x00007ffe7f440000 - 0x00007ffe7f4c2000 	C:\Windows\System32\bcryptprimitives.dll
0x00007ffe7e570000 - 0x00007ffe7e57c000 	C:\Windows\SYSTEM32\CRYPTBASE.dll
0x00007ffe779c0000 - 0x00007ffe779d7000 	C:\Windows\SYSTEM32\dhcpcsvc6.DLL
0x00007ffe77750000 - 0x00007ffe7776d000 	C:\Windows\SYSTEM32\dhcpcsvc.DLL

VM Arguments:
jvm_args: -Xmx4g 
java_command: edu.stanford.nlp.pipeline.StanfordCoreNLPServer -port 9001
java_class_path (initial): E:\stanford-corenlp\stanford-corenlp-4.4.0\ejml-core-0.39-sources.jar;E:\stanford-corenlp\stanford-corenlp-4.4.0\ejml-core-0.39.jar;E:\stanford-corenlp\stanford-corenlp-4.4.0\ejml-ddense-0.39-sources.jar;E:\stanford-corenlp\stanford-corenlp-4.4.0\ejml-ddense-0.39.jar;E:\stanford-corenlp\stanford-corenlp-4.4.0\ejml-simple-0.39-sources.jar;E:\stanford-corenlp\stanford-corenlp-4.4.0\ejml-simple-0.39.jar;E:\stanford-corenlp\stanford-corenlp-4.4.0\istack-commons-runtime-3.0.7-sources.jar;E:\stanford-corenlp\stanford-corenlp-4.4.0\istack-commons-runtime-3.0.7.jar;E:\stanford-corenlp\stanford-corenlp-4.4.0\javax.activation-api-1.2.0-sources.jar;E:\stanford-corenlp\stanford-corenlp-4.4.0\javax.activation-api-1.2.0.jar;E:\stanford-corenlp\stanford-corenlp-4.4.0\javax.json-api-1.0-sources.jar;E:\stanford-corenlp\stanford-corenlp-4.4.0\javax.json.jar;E:\stanford-corenlp\stanford-corenlp-4.4.0\jaxb-api-2.4.0-b180830.0359-sources.jar;E:\stanford-corenlp\stanford-corenlp-4.4.0\jaxb-api-2.4.0-b180830.0359.jar;E:\stanford-corenlp\stanford-corenlp-4.4.0\jaxb-impl-2.4.0-b180830.0438-sources.jar;E:\stanford-corenlp\stanford-corenlp-4.4.0\jaxb-impl-2.4.0-b180830.0438.jar;E:\stanford-corenlp\stanford-corenlp-4.4.0\joda-time-2.10.5-sources.jar;E:\stanford-corenlp\stanford-corenlp-4.4.0\joda-time.jar;E:\stanford-corenlp\stanford-corenlp-4.4.0\jollyday-0.4.9-sources.jar;E:\stanford-corenlp\stanford-corenlp-4.4.0\jollyday.jar;E:\stanford-corenlp\stanford-corenlp-4.4.0\protobuf-java-3.19.2.jar;E:\stanford-corenlp\stanford-corenlp-4.4.0\slf4j-api.jar;E:\stanford-corenlp\stanford-corenlp-4.4.0\slf4j-simple.jar;E:\stanford-corenlp\stanford-corenlp-4.4.0\stanford-corenlp-4.4.0-javadoc.jar;E:\stanford-corenlp\stanford-corenlp-4.4.0\stanford-corenlp-4.4.0-models.jar;E:\stanford-corenlp\stanford-corenlp-4.4.0\stanford-corenlp-4.4.0-sources.jar;E:\stanford-corenlp\stanford-corenlp-4.4.0\stanford-corenlp-4.4.0.jar;E:\stanford-corenlp\stanford-corenlp-4.4.0\xom-1.3.7-sourc
Launcher Type: SUN_STANDARD

Environment Variables:
PATH=C:\Users\98070\Anaconda3;C:\Users\98070\Anaconda3\Library\mingw-w64\bin;C:\Users\98070\Anaconda3\Library\usr\bin;C:\Users\98070\Anaconda3\Library\bin;C:\Users\98070\Anaconda3\Scripts;C:\Users\98070\Anaconda3\bin;C:\Users\98070\Anaconda3\condabin;E:\Program Files (x86)\VMware\VMware Workstation\bin;C:\Program Files (x86)\Common Files\Oracle\Java\javapath;C:\Program Files\NVIDIA GPU Computing Toolkit\CUDA\v11.0\bin;C:\Program Files\NVIDIA GPU Computing Toolkit\CUDA\v11.0\libnvvp;C:\Windows\system32;C:\Windows;C:\Windows\System32\Wbem;C:\Windows\System32\WindowsPowerShell\v1.0;C:\Windows\System32\OpenSSH;C:\Program Files\NVIDIA Corporation\NVIDIA NvDLISR;C:\Program Files (x86)\NVIDIA Corporation\PhysX\Common;C:\Users\98070\Anaconda3;C:\Users\98070\Anaconda3\Scripts;C:\Users\98070\Anaconda3\Library\bin;C:\Program Files\NVIDIA Corporation\Nsight Compute 2020.1.2;C:\Program Files\mingw-w64\x86_64-8.1.0-posix-seh-rt_v6-rev0\mingw64\bin;E:\pySpark\spark-2.2.1-bin-hadoop2.7\bin;E:\Program Files (x86)\NetSarang\Xshell 7;E:\Program Files (x86)\NetSarang\Xftp 7;E:\Program Files\Git\cmd;E:\Program Files (x86)\GnuPG\bin;C:\Users\98070\AppData\Local\Microsoft\WindowsApps;.;C:\Users\98070\AppData\Local\Programs\Microsoft VS Code\bin
USERNAME=98070
OS=Windows_NT
PROCESSOR_IDENTIFIER=Intel64 Family 6 Model 165 Stepping 2, GenuineIntel



---------------  S Y S T E M  ---------------

OS: Windows 10.0 , 64 bit Build 19041 (10.0.19041.1706)

CPU:total 12 (initial active 12) (6 cores per cpu, 2 threads per core) family 6 model 165 stepping 2, cmov, cx8, fxsr, mmx, sse, sse2, sse3, ssse3, sse4.1, sse4.2, popcnt, avx, avx2, aes, clmul, erms, 3dnowpref, lzcnt, ht, tsc, tscinvbit, bmi1, bmi2, adx

Memory: 4k page, physical 16596340k(3099180k free), swap 32182640k(5256k free)

vm_info: Java HotSpot(TM) 64-Bit Server VM (25.291-b10) for windows-amd64 JRE (1.8.0_291-b10), built on Apr  9 2021 00:02:00 by "java_re" with MS VC++ 15.9 (VS2017)

time: Fri Jun 10 20:01:43 2022
timezone: 中国标准时间
elapsed time: 83.998415 seconds (0d 0h 1m 23s)

